

================================================================
== Vivado HLS Report for 'func3_process_magnit'
================================================================
* Date:           Tue Dec 22 21:02:20 2020

* Version:        2019.2 (Build 2704478 on Wed Nov 06 22:10:23 MST 2019)
* Project:        sqrt_CORDIC
* Solution:       solution1
* Product family: zynq
* Target device:  xc7z020-clg400-1


================================================================
== Performance Estimates
================================================================
+ Timing: 
    * Summary: 
    +--------+---------+----------+------------+
    |  Clock |  Target | Estimated| Uncertainty|
    +--------+---------+----------+------------+
    |ap_clk  | 5.00 ns | 3.702 ns |   0.63 ns  |
    +--------+---------+----------+------------+

+ Latency: 
    * Summary: 
    +---------+---------+----------+----------+-----+-----+---------+
    |  Latency (cycles) |  Latency (absolute) |  Interval | Pipeline|
    |   min   |   max   |    min   |    max   | min | max |   Type  |
    +---------+---------+----------+----------+-----+-----+---------+
    |       85|       85| 0.425 us | 0.425 us |   85|   85|   none  |
    +---------+---------+----------+----------+-----+-----+---------+

    + Detail: 
        * Instance: 
        +----------------------------------+----------------------+---------+---------+-----------+-----------+-----+-----+----------+
        |                                  |                      |  Latency (cycles) |   Latency (absolute)  |  Interval | Pipeline |
        |             Instance             |        Module        |   min   |   max   |    min    |    max    | min | max |   Type   |
        +----------------------------------+----------------------+---------+---------+-----------+-----------+-----+-----+----------+
        |grp_process_magnitude_co_fu_1906  |process_magnitude_co  |       17|       17| 85.000 ns | 85.000 ns |    1|    1| function |
        +----------------------------------+----------------------+---------+---------+-----------+-----------+-----+-----+----------+

        * Loop: 
        +----------+---------+---------+----------+-----------+-----------+------+----------+
        |          |  Latency (cycles) | Iteration|  Initiation Interval  | Trip |          |
        | Loop Name|   min   |   max   |  Latency |  achieved |   target  | Count| Pipelined|
        +----------+---------+---------+----------+-----------+-----------+------+----------+
        |- L3      |       83|       83|        21|          1|          1|    64|    yes   |
        +----------+---------+---------+----------+-----------+-----------+------+----------+



================================================================
== Utilization Estimates
================================================================
* Summary: 
+-----------------+---------+-------+--------+-------+-----+
|       Name      | BRAM_18K| DSP48E|   FF   |  LUT  | URAM|
+-----------------+---------+-------+--------+-------+-----+
|DSP              |        -|      -|       -|      -|    -|
|Expression       |        -|      -|       0|     34|    -|
|FIFO             |        -|      -|       -|      -|    -|
|Instance         |        -|      2|    5421|   3194|    -|
|Memory           |        -|      -|       -|      -|    -|
|Multiplexer      |        -|      -|       -|    350|    -|
|Register         |        0|      -|     159|     32|    -|
+-----------------+---------+-------+--------+-------+-----+
|Total            |        0|      2|    5580|   3610|    0|
+-----------------+---------+-------+--------+-------+-----+
|Available        |      280|    220|  106400|  53200|    0|
+-----------------+---------+-------+--------+-------+-----+
|Utilization (%)  |        0|   ~0  |       5|      6|    0|
+-----------------+---------+-------+--------+-------+-----+

+ Detail: 
    * Instance: 
    +----------------------------------+----------------------+---------+-------+------+------+-----+
    |             Instance             |        Module        | BRAM_18K| DSP48E|  FF  |  LUT | URAM|
    +----------------------------------+----------------------+---------+-------+------+------+-----+
    |grp_process_magnitude_co_fu_1906  |process_magnitude_co  |        0|      2|  1006|  1849|    0|
    |top_process_magnicud_U392         |top_process_magnicud  |        0|      0|  4415|  1345|    0|
    +----------------------------------+----------------------+---------+-------+------+------+-----+
    |Total                             |                      |        0|      2|  5421|  3194|    0|
    +----------------------------------+----------------------+---------+-------+------+------+-----+

    * DSP48E: 
    N/A

    * Memory: 
    N/A

    * FIFO: 
    N/A

    * Expression: 
    +-------------------------+----------+-------+---+----+------------+------------+
    |      Variable Name      | Operation| DSP48E| FF| LUT| Bitwidth P0| Bitwidth P1|
    +-------------------------+----------+-------+---+----+------------+------------+
    |i_fu_2181_p2             |     +    |      0|  0|  15|           8|           1|
    |ap_condition_1086        |    and   |      0|  0|   2|           1|           1|
    |ap_condition_636         |    and   |      0|  0|   2|           1|           1|
    |icmp_ln88_fu_1913_p2     |   icmp   |      0|  0|  11|           8|           8|
    |ap_enable_pp0            |    xor   |      0|  0|   2|           1|           2|
    |ap_enable_reg_pp0_iter1  |    xor   |      0|  0|   2|           2|           1|
    +-------------------------+----------+-------+---+----+------------+------------+
    |Total                    |          |      0|  0|  34|          21|          14|
    +-------------------------+----------+-------+---+----+------------+------------+

    * Multiplexer: 
    +----------------------------------------+-----+-----------+-----+-----------+
    |                  Name                  | LUT | Input Size| Bits| Total Bits|
    +----------------------------------------+-----+-----------+-----+-----------+
    |ap_NS_fsm                               |   21|          4|    1|          4|
    |ap_enable_reg_pp0_iter1                 |    9|          2|    1|          2|
    |ap_enable_reg_pp0_iter20                |    9|          2|    1|          2|
    |ap_phi_mux_i_0_phi_fu_1764_p4           |    9|          2|    8|         16|
    |ap_phi_reg_pp0_iter1_phi_ln97_reg_1772  |  293|         65|   18|       1170|
    |i_0_reg_1760                            |    9|          2|    8|         16|
    +----------------------------------------+-----+-----------+-----+-----------+
    |Total                                   |  350|         77|   37|       1210|
    +----------------------------------------+-----+-----------+-----+-----------+

    * Register: 
    +----------------------------------------+----+----+-----+-----------+
    |                  Name                  | FF | LUT| Bits| Const Bits|
    +----------------------------------------+----+----+-----+-----------+
    |ap_CS_fsm                               |   3|   0|    3|          0|
    |ap_enable_reg_pp0_iter0                 |   1|   0|    1|          0|
    |ap_enable_reg_pp0_iter1                 |   1|   0|    1|          0|
    |ap_enable_reg_pp0_iter10                |   1|   0|    1|          0|
    |ap_enable_reg_pp0_iter11                |   1|   0|    1|          0|
    |ap_enable_reg_pp0_iter12                |   1|   0|    1|          0|
    |ap_enable_reg_pp0_iter13                |   1|   0|    1|          0|
    |ap_enable_reg_pp0_iter14                |   1|   0|    1|          0|
    |ap_enable_reg_pp0_iter15                |   1|   0|    1|          0|
    |ap_enable_reg_pp0_iter16                |   1|   0|    1|          0|
    |ap_enable_reg_pp0_iter17                |   1|   0|    1|          0|
    |ap_enable_reg_pp0_iter18                |   1|   0|    1|          0|
    |ap_enable_reg_pp0_iter19                |   1|   0|    1|          0|
    |ap_enable_reg_pp0_iter2                 |   1|   0|    1|          0|
    |ap_enable_reg_pp0_iter20                |   1|   0|    1|          0|
    |ap_enable_reg_pp0_iter3                 |   1|   0|    1|          0|
    |ap_enable_reg_pp0_iter4                 |   1|   0|    1|          0|
    |ap_enable_reg_pp0_iter5                 |   1|   0|    1|          0|
    |ap_enable_reg_pp0_iter6                 |   1|   0|    1|          0|
    |ap_enable_reg_pp0_iter7                 |   1|   0|    1|          0|
    |ap_enable_reg_pp0_iter8                 |   1|   0|    1|          0|
    |ap_enable_reg_pp0_iter9                 |   1|   0|    1|          0|
    |ap_phi_reg_pp0_iter1_phi_ln97_reg_1772  |  18|   0|   18|          0|
    |i_0_reg_1760                            |   8|   0|    8|          0|
    |i_reg_3091                              |   8|   0|    8|          0|
    |icmp_ln88_reg_3087                      |   1|   0|    1|          0|
    |phi_ln97_1_reg_3096                     |  18|   0|   18|          0|
    |phi_ln97_reg_1772                       |  18|   0|   18|          0|
    |i_0_reg_1760                            |  64|  32|    8|          0|
    +----------------------------------------+----+----+-----+-----------+
    |Total                                   | 159|  32|  103|          0|
    +----------------------------------------+----+----+-----+-----------+



================================================================
== Interface
================================================================
* Summary: 
+------------------------+-----+-----+------------+----------------------+--------------+
|        RTL Ports       | Dir | Bits|  Protocol  |     Source Object    |    C Type    |
+------------------------+-----+-----+------------+----------------------+--------------+
|ap_clk                  |  in |    1| ap_ctrl_hs | func3_process_magnit | return value |
|ap_rst                  |  in |    1| ap_ctrl_hs | func3_process_magnit | return value |
|ap_start                |  in |    1| ap_ctrl_hs | func3_process_magnit | return value |
|ap_done                 | out |    1| ap_ctrl_hs | func3_process_magnit | return value |
|ap_idle                 | out |    1| ap_ctrl_hs | func3_process_magnit | return value |
|ap_ready                | out |    1| ap_ctrl_hs | func3_process_magnit | return value |
|real_data_128_V_read    |  in |   18|   ap_none  | real_data_128_V_read |    scalar    |
|real_data_129_V_read    |  in |   18|   ap_none  | real_data_129_V_read |    scalar    |
|real_data_130_V_read    |  in |   18|   ap_none  | real_data_130_V_read |    scalar    |
|real_data_131_V_read    |  in |   18|   ap_none  | real_data_131_V_read |    scalar    |
|real_data_132_V_read    |  in |   18|   ap_none  | real_data_132_V_read |    scalar    |
|real_data_133_V_read    |  in |   18|   ap_none  | real_data_133_V_read |    scalar    |
|real_data_134_V_read    |  in |   18|   ap_none  | real_data_134_V_read |    scalar    |
|real_data_135_V_read    |  in |   18|   ap_none  | real_data_135_V_read |    scalar    |
|real_data_136_V_read    |  in |   18|   ap_none  | real_data_136_V_read |    scalar    |
|real_data_137_V_read    |  in |   18|   ap_none  | real_data_137_V_read |    scalar    |
|real_data_138_V_read    |  in |   18|   ap_none  | real_data_138_V_read |    scalar    |
|real_data_139_V_read    |  in |   18|   ap_none  | real_data_139_V_read |    scalar    |
|real_data_140_V_read    |  in |   18|   ap_none  | real_data_140_V_read |    scalar    |
|real_data_141_V_read    |  in |   18|   ap_none  | real_data_141_V_read |    scalar    |
|real_data_142_V_read    |  in |   18|   ap_none  | real_data_142_V_read |    scalar    |
|real_data_143_V_read    |  in |   18|   ap_none  | real_data_143_V_read |    scalar    |
|real_data_144_V_read    |  in |   18|   ap_none  | real_data_144_V_read |    scalar    |
|real_data_145_V_read    |  in |   18|   ap_none  | real_data_145_V_read |    scalar    |
|real_data_146_V_read    |  in |   18|   ap_none  | real_data_146_V_read |    scalar    |
|real_data_147_V_read    |  in |   18|   ap_none  | real_data_147_V_read |    scalar    |
|real_data_148_V_read    |  in |   18|   ap_none  | real_data_148_V_read |    scalar    |
|real_data_149_V_read    |  in |   18|   ap_none  | real_data_149_V_read |    scalar    |
|real_data_150_V_read    |  in |   18|   ap_none  | real_data_150_V_read |    scalar    |
|real_data_151_V_read    |  in |   18|   ap_none  | real_data_151_V_read |    scalar    |
|real_data_152_V_read    |  in |   18|   ap_none  | real_data_152_V_read |    scalar    |
|real_data_153_V_read    |  in |   18|   ap_none  | real_data_153_V_read |    scalar    |
|real_data_154_V_read    |  in |   18|   ap_none  | real_data_154_V_read |    scalar    |
|real_data_155_V_read    |  in |   18|   ap_none  | real_data_155_V_read |    scalar    |
|real_data_156_V_read    |  in |   18|   ap_none  | real_data_156_V_read |    scalar    |
|real_data_157_V_read    |  in |   18|   ap_none  | real_data_157_V_read |    scalar    |
|real_data_158_V_read    |  in |   18|   ap_none  | real_data_158_V_read |    scalar    |
|real_data_159_V_read    |  in |   18|   ap_none  | real_data_159_V_read |    scalar    |
|real_data_160_V_read    |  in |   18|   ap_none  | real_data_160_V_read |    scalar    |
|real_data_161_V_read    |  in |   18|   ap_none  | real_data_161_V_read |    scalar    |
|real_data_162_V_read    |  in |   18|   ap_none  | real_data_162_V_read |    scalar    |
|real_data_163_V_read    |  in |   18|   ap_none  | real_data_163_V_read |    scalar    |
|real_data_164_V_read    |  in |   18|   ap_none  | real_data_164_V_read |    scalar    |
|real_data_165_V_read    |  in |   18|   ap_none  | real_data_165_V_read |    scalar    |
|real_data_166_V_read    |  in |   18|   ap_none  | real_data_166_V_read |    scalar    |
|real_data_167_V_read    |  in |   18|   ap_none  | real_data_167_V_read |    scalar    |
|real_data_168_V_read    |  in |   18|   ap_none  | real_data_168_V_read |    scalar    |
|real_data_169_V_read    |  in |   18|   ap_none  | real_data_169_V_read |    scalar    |
|real_data_170_V_read    |  in |   18|   ap_none  | real_data_170_V_read |    scalar    |
|real_data_171_V_read    |  in |   18|   ap_none  | real_data_171_V_read |    scalar    |
|real_data_172_V_read    |  in |   18|   ap_none  | real_data_172_V_read |    scalar    |
|real_data_173_V_read    |  in |   18|   ap_none  | real_data_173_V_read |    scalar    |
|real_data_174_V_read    |  in |   18|   ap_none  | real_data_174_V_read |    scalar    |
|real_data_175_V_read    |  in |   18|   ap_none  | real_data_175_V_read |    scalar    |
|real_data_176_V_read    |  in |   18|   ap_none  | real_data_176_V_read |    scalar    |
|real_data_177_V_read    |  in |   18|   ap_none  | real_data_177_V_read |    scalar    |
|real_data_178_V_read    |  in |   18|   ap_none  | real_data_178_V_read |    scalar    |
|real_data_179_V_read    |  in |   18|   ap_none  | real_data_179_V_read |    scalar    |
|real_data_180_V_read    |  in |   18|   ap_none  | real_data_180_V_read |    scalar    |
|real_data_181_V_read    |  in |   18|   ap_none  | real_data_181_V_read |    scalar    |
|real_data_182_V_read    |  in |   18|   ap_none  | real_data_182_V_read |    scalar    |
|real_data_183_V_read    |  in |   18|   ap_none  | real_data_183_V_read |    scalar    |
|real_data_184_V_read    |  in |   18|   ap_none  | real_data_184_V_read |    scalar    |
|real_data_185_V_read    |  in |   18|   ap_none  | real_data_185_V_read |    scalar    |
|real_data_186_V_read    |  in |   18|   ap_none  | real_data_186_V_read |    scalar    |
|real_data_187_V_read    |  in |   18|   ap_none  | real_data_187_V_read |    scalar    |
|real_data_188_V_read    |  in |   18|   ap_none  | real_data_188_V_read |    scalar    |
|real_data_189_V_read    |  in |   18|   ap_none  | real_data_189_V_read |    scalar    |
|real_data_190_V_read    |  in |   18|   ap_none  | real_data_190_V_read |    scalar    |
|real_data_191_V_read    |  in |   18|   ap_none  | real_data_191_V_read |    scalar    |
|imag_data_128_V_read    |  in |   18|   ap_none  | imag_data_128_V_read |    scalar    |
|imag_data_129_V_read    |  in |   18|   ap_none  | imag_data_129_V_read |    scalar    |
|imag_data_130_V_read    |  in |   18|   ap_none  | imag_data_130_V_read |    scalar    |
|imag_data_131_V_read    |  in |   18|   ap_none  | imag_data_131_V_read |    scalar    |
|imag_data_132_V_read    |  in |   18|   ap_none  | imag_data_132_V_read |    scalar    |
|imag_data_133_V_read    |  in |   18|   ap_none  | imag_data_133_V_read |    scalar    |
|imag_data_134_V_read    |  in |   18|   ap_none  | imag_data_134_V_read |    scalar    |
|imag_data_135_V_read    |  in |   18|   ap_none  | imag_data_135_V_read |    scalar    |
|imag_data_136_V_read    |  in |   18|   ap_none  | imag_data_136_V_read |    scalar    |
|imag_data_137_V_read    |  in |   18|   ap_none  | imag_data_137_V_read |    scalar    |
|imag_data_138_V_read    |  in |   18|   ap_none  | imag_data_138_V_read |    scalar    |
|imag_data_139_V_read    |  in |   18|   ap_none  | imag_data_139_V_read |    scalar    |
|imag_data_140_V_read    |  in |   18|   ap_none  | imag_data_140_V_read |    scalar    |
|imag_data_141_V_read    |  in |   18|   ap_none  | imag_data_141_V_read |    scalar    |
|imag_data_142_V_read    |  in |   18|   ap_none  | imag_data_142_V_read |    scalar    |
|imag_data_143_V_read    |  in |   18|   ap_none  | imag_data_143_V_read |    scalar    |
|imag_data_144_V_read    |  in |   18|   ap_none  | imag_data_144_V_read |    scalar    |
|imag_data_145_V_read    |  in |   18|   ap_none  | imag_data_145_V_read |    scalar    |
|imag_data_146_V_read    |  in |   18|   ap_none  | imag_data_146_V_read |    scalar    |
|imag_data_147_V_read    |  in |   18|   ap_none  | imag_data_147_V_read |    scalar    |
|imag_data_148_V_read    |  in |   18|   ap_none  | imag_data_148_V_read |    scalar    |
|imag_data_149_V_read    |  in |   18|   ap_none  | imag_data_149_V_read |    scalar    |
|imag_data_150_V_read    |  in |   18|   ap_none  | imag_data_150_V_read |    scalar    |
|imag_data_151_V_read    |  in |   18|   ap_none  | imag_data_151_V_read |    scalar    |
|imag_data_152_V_read    |  in |   18|   ap_none  | imag_data_152_V_read |    scalar    |
|imag_data_153_V_read    |  in |   18|   ap_none  | imag_data_153_V_read |    scalar    |
|imag_data_154_V_read    |  in |   18|   ap_none  | imag_data_154_V_read |    scalar    |
|imag_data_155_V_read    |  in |   18|   ap_none  | imag_data_155_V_read |    scalar    |
|imag_data_156_V_read    |  in |   18|   ap_none  | imag_data_156_V_read |    scalar    |
|imag_data_157_V_read    |  in |   18|   ap_none  | imag_data_157_V_read |    scalar    |
|imag_data_158_V_read    |  in |   18|   ap_none  | imag_data_158_V_read |    scalar    |
|imag_data_159_V_read    |  in |   18|   ap_none  | imag_data_159_V_read |    scalar    |
|imag_data_160_V_read    |  in |   18|   ap_none  | imag_data_160_V_read |    scalar    |
|imag_data_161_V_read    |  in |   18|   ap_none  | imag_data_161_V_read |    scalar    |
|imag_data_162_V_read    |  in |   18|   ap_none  | imag_data_162_V_read |    scalar    |
|imag_data_163_V_read    |  in |   18|   ap_none  | imag_data_163_V_read |    scalar    |
|imag_data_164_V_read    |  in |   18|   ap_none  | imag_data_164_V_read |    scalar    |
|imag_data_165_V_read    |  in |   18|   ap_none  | imag_data_165_V_read |    scalar    |
|imag_data_166_V_read    |  in |   18|   ap_none  | imag_data_166_V_read |    scalar    |
|imag_data_167_V_read    |  in |   18|   ap_none  | imag_data_167_V_read |    scalar    |
|imag_data_168_V_read    |  in |   18|   ap_none  | imag_data_168_V_read |    scalar    |
|imag_data_169_V_read    |  in |   18|   ap_none  | imag_data_169_V_read |    scalar    |
|imag_data_170_V_read    |  in |   18|   ap_none  | imag_data_170_V_read |    scalar    |
|imag_data_171_V_read    |  in |   18|   ap_none  | imag_data_171_V_read |    scalar    |
|imag_data_172_V_read    |  in |   18|   ap_none  | imag_data_172_V_read |    scalar    |
|imag_data_173_V_read    |  in |   18|   ap_none  | imag_data_173_V_read |    scalar    |
|imag_data_174_V_read    |  in |   18|   ap_none  | imag_data_174_V_read |    scalar    |
|imag_data_175_V_read    |  in |   18|   ap_none  | imag_data_175_V_read |    scalar    |
|imag_data_176_V_read    |  in |   18|   ap_none  | imag_data_176_V_read |    scalar    |
|imag_data_177_V_read    |  in |   18|   ap_none  | imag_data_177_V_read |    scalar    |
|imag_data_178_V_read    |  in |   18|   ap_none  | imag_data_178_V_read |    scalar    |
|imag_data_179_V_read    |  in |   18|   ap_none  | imag_data_179_V_read |    scalar    |
|imag_data_180_V_read    |  in |   18|   ap_none  | imag_data_180_V_read |    scalar    |
|imag_data_181_V_read    |  in |   18|   ap_none  | imag_data_181_V_read |    scalar    |
|imag_data_182_V_read    |  in |   18|   ap_none  | imag_data_182_V_read |    scalar    |
|imag_data_183_V_read    |  in |   18|   ap_none  | imag_data_183_V_read |    scalar    |
|imag_data_184_V_read    |  in |   18|   ap_none  | imag_data_184_V_read |    scalar    |
|imag_data_185_V_read    |  in |   18|   ap_none  | imag_data_185_V_read |    scalar    |
|imag_data_186_V_read    |  in |   18|   ap_none  | imag_data_186_V_read |    scalar    |
|imag_data_187_V_read    |  in |   18|   ap_none  | imag_data_187_V_read |    scalar    |
|imag_data_188_V_read    |  in |   18|   ap_none  | imag_data_188_V_read |    scalar    |
|imag_data_189_V_read    |  in |   18|   ap_none  | imag_data_189_V_read |    scalar    |
|imag_data_190_V_read    |  in |   18|   ap_none  | imag_data_190_V_read |    scalar    |
|imag_data_191_V_read    |  in |   18|   ap_none  | imag_data_191_V_read |    scalar    |
|magn_data_128_V         | out |   24|   ap_vld   |    magn_data_128_V   |    pointer   |
|magn_data_128_V_ap_vld  | out |    1|   ap_vld   |    magn_data_128_V   |    pointer   |
|magn_data_129_V         | out |   24|   ap_vld   |    magn_data_129_V   |    pointer   |
|magn_data_129_V_ap_vld  | out |    1|   ap_vld   |    magn_data_129_V   |    pointer   |
|magn_data_130_V         | out |   24|   ap_vld   |    magn_data_130_V   |    pointer   |
|magn_data_130_V_ap_vld  | out |    1|   ap_vld   |    magn_data_130_V   |    pointer   |
|magn_data_131_V         | out |   24|   ap_vld   |    magn_data_131_V   |    pointer   |
|magn_data_131_V_ap_vld  | out |    1|   ap_vld   |    magn_data_131_V   |    pointer   |
|magn_data_132_V         | out |   24|   ap_vld   |    magn_data_132_V   |    pointer   |
|magn_data_132_V_ap_vld  | out |    1|   ap_vld   |    magn_data_132_V   |    pointer   |
|magn_data_133_V         | out |   24|   ap_vld   |    magn_data_133_V   |    pointer   |
|magn_data_133_V_ap_vld  | out |    1|   ap_vld   |    magn_data_133_V   |    pointer   |
|magn_data_134_V         | out |   24|   ap_vld   |    magn_data_134_V   |    pointer   |
|magn_data_134_V_ap_vld  | out |    1|   ap_vld   |    magn_data_134_V   |    pointer   |
|magn_data_135_V         | out |   24|   ap_vld   |    magn_data_135_V   |    pointer   |
|magn_data_135_V_ap_vld  | out |    1|   ap_vld   |    magn_data_135_V   |    pointer   |
|magn_data_136_V         | out |   24|   ap_vld   |    magn_data_136_V   |    pointer   |
|magn_data_136_V_ap_vld  | out |    1|   ap_vld   |    magn_data_136_V   |    pointer   |
|magn_data_137_V         | out |   24|   ap_vld   |    magn_data_137_V   |    pointer   |
|magn_data_137_V_ap_vld  | out |    1|   ap_vld   |    magn_data_137_V   |    pointer   |
|magn_data_138_V         | out |   24|   ap_vld   |    magn_data_138_V   |    pointer   |
|magn_data_138_V_ap_vld  | out |    1|   ap_vld   |    magn_data_138_V   |    pointer   |
|magn_data_139_V         | out |   24|   ap_vld   |    magn_data_139_V   |    pointer   |
|magn_data_139_V_ap_vld  | out |    1|   ap_vld   |    magn_data_139_V   |    pointer   |
|magn_data_140_V         | out |   24|   ap_vld   |    magn_data_140_V   |    pointer   |
|magn_data_140_V_ap_vld  | out |    1|   ap_vld   |    magn_data_140_V   |    pointer   |
|magn_data_141_V         | out |   24|   ap_vld   |    magn_data_141_V   |    pointer   |
|magn_data_141_V_ap_vld  | out |    1|   ap_vld   |    magn_data_141_V   |    pointer   |
|magn_data_142_V         | out |   24|   ap_vld   |    magn_data_142_V   |    pointer   |
|magn_data_142_V_ap_vld  | out |    1|   ap_vld   |    magn_data_142_V   |    pointer   |
|magn_data_143_V         | out |   24|   ap_vld   |    magn_data_143_V   |    pointer   |
|magn_data_143_V_ap_vld  | out |    1|   ap_vld   |    magn_data_143_V   |    pointer   |
|magn_data_144_V         | out |   24|   ap_vld   |    magn_data_144_V   |    pointer   |
|magn_data_144_V_ap_vld  | out |    1|   ap_vld   |    magn_data_144_V   |    pointer   |
|magn_data_145_V         | out |   24|   ap_vld   |    magn_data_145_V   |    pointer   |
|magn_data_145_V_ap_vld  | out |    1|   ap_vld   |    magn_data_145_V   |    pointer   |
|magn_data_146_V         | out |   24|   ap_vld   |    magn_data_146_V   |    pointer   |
|magn_data_146_V_ap_vld  | out |    1|   ap_vld   |    magn_data_146_V   |    pointer   |
|magn_data_147_V         | out |   24|   ap_vld   |    magn_data_147_V   |    pointer   |
|magn_data_147_V_ap_vld  | out |    1|   ap_vld   |    magn_data_147_V   |    pointer   |
|magn_data_148_V         | out |   24|   ap_vld   |    magn_data_148_V   |    pointer   |
|magn_data_148_V_ap_vld  | out |    1|   ap_vld   |    magn_data_148_V   |    pointer   |
|magn_data_149_V         | out |   24|   ap_vld   |    magn_data_149_V   |    pointer   |
|magn_data_149_V_ap_vld  | out |    1|   ap_vld   |    magn_data_149_V   |    pointer   |
|magn_data_150_V         | out |   24|   ap_vld   |    magn_data_150_V   |    pointer   |
|magn_data_150_V_ap_vld  | out |    1|   ap_vld   |    magn_data_150_V   |    pointer   |
|magn_data_151_V         | out |   24|   ap_vld   |    magn_data_151_V   |    pointer   |
|magn_data_151_V_ap_vld  | out |    1|   ap_vld   |    magn_data_151_V   |    pointer   |
|magn_data_152_V         | out |   24|   ap_vld   |    magn_data_152_V   |    pointer   |
|magn_data_152_V_ap_vld  | out |    1|   ap_vld   |    magn_data_152_V   |    pointer   |
|magn_data_153_V         | out |   24|   ap_vld   |    magn_data_153_V   |    pointer   |
|magn_data_153_V_ap_vld  | out |    1|   ap_vld   |    magn_data_153_V   |    pointer   |
|magn_data_154_V         | out |   24|   ap_vld   |    magn_data_154_V   |    pointer   |
|magn_data_154_V_ap_vld  | out |    1|   ap_vld   |    magn_data_154_V   |    pointer   |
|magn_data_155_V         | out |   24|   ap_vld   |    magn_data_155_V   |    pointer   |
|magn_data_155_V_ap_vld  | out |    1|   ap_vld   |    magn_data_155_V   |    pointer   |
|magn_data_156_V         | out |   24|   ap_vld   |    magn_data_156_V   |    pointer   |
|magn_data_156_V_ap_vld  | out |    1|   ap_vld   |    magn_data_156_V   |    pointer   |
|magn_data_157_V         | out |   24|   ap_vld   |    magn_data_157_V   |    pointer   |
|magn_data_157_V_ap_vld  | out |    1|   ap_vld   |    magn_data_157_V   |    pointer   |
|magn_data_158_V         | out |   24|   ap_vld   |    magn_data_158_V   |    pointer   |
|magn_data_158_V_ap_vld  | out |    1|   ap_vld   |    magn_data_158_V   |    pointer   |
|magn_data_159_V         | out |   24|   ap_vld   |    magn_data_159_V   |    pointer   |
|magn_data_159_V_ap_vld  | out |    1|   ap_vld   |    magn_data_159_V   |    pointer   |
|magn_data_160_V         | out |   24|   ap_vld   |    magn_data_160_V   |    pointer   |
|magn_data_160_V_ap_vld  | out |    1|   ap_vld   |    magn_data_160_V   |    pointer   |
|magn_data_161_V         | out |   24|   ap_vld   |    magn_data_161_V   |    pointer   |
|magn_data_161_V_ap_vld  | out |    1|   ap_vld   |    magn_data_161_V   |    pointer   |
|magn_data_162_V         | out |   24|   ap_vld   |    magn_data_162_V   |    pointer   |
|magn_data_162_V_ap_vld  | out |    1|   ap_vld   |    magn_data_162_V   |    pointer   |
|magn_data_163_V         | out |   24|   ap_vld   |    magn_data_163_V   |    pointer   |
|magn_data_163_V_ap_vld  | out |    1|   ap_vld   |    magn_data_163_V   |    pointer   |
|magn_data_164_V         | out |   24|   ap_vld   |    magn_data_164_V   |    pointer   |
|magn_data_164_V_ap_vld  | out |    1|   ap_vld   |    magn_data_164_V   |    pointer   |
|magn_data_165_V         | out |   24|   ap_vld   |    magn_data_165_V   |    pointer   |
|magn_data_165_V_ap_vld  | out |    1|   ap_vld   |    magn_data_165_V   |    pointer   |
|magn_data_166_V         | out |   24|   ap_vld   |    magn_data_166_V   |    pointer   |
|magn_data_166_V_ap_vld  | out |    1|   ap_vld   |    magn_data_166_V   |    pointer   |
|magn_data_167_V         | out |   24|   ap_vld   |    magn_data_167_V   |    pointer   |
|magn_data_167_V_ap_vld  | out |    1|   ap_vld   |    magn_data_167_V   |    pointer   |
|magn_data_168_V         | out |   24|   ap_vld   |    magn_data_168_V   |    pointer   |
|magn_data_168_V_ap_vld  | out |    1|   ap_vld   |    magn_data_168_V   |    pointer   |
|magn_data_169_V         | out |   24|   ap_vld   |    magn_data_169_V   |    pointer   |
|magn_data_169_V_ap_vld  | out |    1|   ap_vld   |    magn_data_169_V   |    pointer   |
|magn_data_170_V         | out |   24|   ap_vld   |    magn_data_170_V   |    pointer   |
|magn_data_170_V_ap_vld  | out |    1|   ap_vld   |    magn_data_170_V   |    pointer   |
|magn_data_171_V         | out |   24|   ap_vld   |    magn_data_171_V   |    pointer   |
|magn_data_171_V_ap_vld  | out |    1|   ap_vld   |    magn_data_171_V   |    pointer   |
|magn_data_172_V         | out |   24|   ap_vld   |    magn_data_172_V   |    pointer   |
|magn_data_172_V_ap_vld  | out |    1|   ap_vld   |    magn_data_172_V   |    pointer   |
|magn_data_173_V         | out |   24|   ap_vld   |    magn_data_173_V   |    pointer   |
|magn_data_173_V_ap_vld  | out |    1|   ap_vld   |    magn_data_173_V   |    pointer   |
|magn_data_174_V         | out |   24|   ap_vld   |    magn_data_174_V   |    pointer   |
|magn_data_174_V_ap_vld  | out |    1|   ap_vld   |    magn_data_174_V   |    pointer   |
|magn_data_175_V         | out |   24|   ap_vld   |    magn_data_175_V   |    pointer   |
|magn_data_175_V_ap_vld  | out |    1|   ap_vld   |    magn_data_175_V   |    pointer   |
|magn_data_176_V         | out |   24|   ap_vld   |    magn_data_176_V   |    pointer   |
|magn_data_176_V_ap_vld  | out |    1|   ap_vld   |    magn_data_176_V   |    pointer   |
|magn_data_177_V         | out |   24|   ap_vld   |    magn_data_177_V   |    pointer   |
|magn_data_177_V_ap_vld  | out |    1|   ap_vld   |    magn_data_177_V   |    pointer   |
|magn_data_178_V         | out |   24|   ap_vld   |    magn_data_178_V   |    pointer   |
|magn_data_178_V_ap_vld  | out |    1|   ap_vld   |    magn_data_178_V   |    pointer   |
|magn_data_179_V         | out |   24|   ap_vld   |    magn_data_179_V   |    pointer   |
|magn_data_179_V_ap_vld  | out |    1|   ap_vld   |    magn_data_179_V   |    pointer   |
|magn_data_180_V         | out |   24|   ap_vld   |    magn_data_180_V   |    pointer   |
|magn_data_180_V_ap_vld  | out |    1|   ap_vld   |    magn_data_180_V   |    pointer   |
|magn_data_181_V         | out |   24|   ap_vld   |    magn_data_181_V   |    pointer   |
|magn_data_181_V_ap_vld  | out |    1|   ap_vld   |    magn_data_181_V   |    pointer   |
|magn_data_182_V         | out |   24|   ap_vld   |    magn_data_182_V   |    pointer   |
|magn_data_182_V_ap_vld  | out |    1|   ap_vld   |    magn_data_182_V   |    pointer   |
|magn_data_183_V         | out |   24|   ap_vld   |    magn_data_183_V   |    pointer   |
|magn_data_183_V_ap_vld  | out |    1|   ap_vld   |    magn_data_183_V   |    pointer   |
|magn_data_184_V         | out |   24|   ap_vld   |    magn_data_184_V   |    pointer   |
|magn_data_184_V_ap_vld  | out |    1|   ap_vld   |    magn_data_184_V   |    pointer   |
|magn_data_185_V         | out |   24|   ap_vld   |    magn_data_185_V   |    pointer   |
|magn_data_185_V_ap_vld  | out |    1|   ap_vld   |    magn_data_185_V   |    pointer   |
|magn_data_186_V         | out |   24|   ap_vld   |    magn_data_186_V   |    pointer   |
|magn_data_186_V_ap_vld  | out |    1|   ap_vld   |    magn_data_186_V   |    pointer   |
|magn_data_187_V         | out |   24|   ap_vld   |    magn_data_187_V   |    pointer   |
|magn_data_187_V_ap_vld  | out |    1|   ap_vld   |    magn_data_187_V   |    pointer   |
|magn_data_188_V         | out |   24|   ap_vld   |    magn_data_188_V   |    pointer   |
|magn_data_188_V_ap_vld  | out |    1|   ap_vld   |    magn_data_188_V   |    pointer   |
|magn_data_189_V         | out |   24|   ap_vld   |    magn_data_189_V   |    pointer   |
|magn_data_189_V_ap_vld  | out |    1|   ap_vld   |    magn_data_189_V   |    pointer   |
|magn_data_190_V         | out |   24|   ap_vld   |    magn_data_190_V   |    pointer   |
|magn_data_190_V_ap_vld  | out |    1|   ap_vld   |    magn_data_190_V   |    pointer   |
|magn_data_191_V         | out |   24|   ap_vld   |    magn_data_191_V   |    pointer   |
|magn_data_191_V_ap_vld  | out |    1|   ap_vld   |    magn_data_191_V   |    pointer   |
+------------------------+-----+-----+------------+----------------------+--------------+

